# JRE version: OpenJDK Runtime Environment AdoptOpenJDK (11.0.9.1+1) (build 11.0.9.1+1)
# Java VM: OpenJDK 64-Bit Server VM AdoptOpenJDK (11.0.9.1+1, mixed mode, tiered, compressed oops, g1 gc, windows-amd64)
Heap:
 garbage-first heap   total 189440K, used 103672K [0x0000000081e00000, 0x0000000100000000)
  region size 1024K, 89 young (91136K), 9 survivors (9216K)
 Metaspace       used 68197K, capacity 69902K, committed 70144K, reserved 1110016K
  class space    used 8713K, capacity 9419K, committed 9472K, reserved 1048576K
GC Heap History (20 events):
Event: 0.672 GC heap before
{Heap before GC invocations=1 (full 0):
 garbage-first heap   total 131072K, used 16157K [0x0000000081e00000, 0x0000000100000000)
  region size 1024K, 12 young (12288K), 2 survivors (2048K)
 Metaspace       used 11360K, capacity 11615K, committed 11648K, reserved 1060864K
  class space    used 1097K, capacity 1151K, committed 1152K, reserved 1048576K
}
Event: 0.676 GC heap after
{Heap after GC invocations=2 (full 0):
 garbage-first heap   total 131072K, used 7562K [0x0000000081e00000, 0x0000000100000000)
  region size 1024K, 1 young (1024K), 1 survivors (1024K)
 Metaspace       used 11360K, capacity 11615K, committed 11648K, reserved 1060864K
  class space    used 1097K, capacity 1151K, committed 1152K, reserved 1048576K
}
Event: 0.699 GC heap before
{Heap before GC invocations=2 (full 0):
 garbage-first heap   total 131072K, used 32138K [0x0000000081e00000, 0x0000000100000000)
  region size 1024K, 26 young (26624K), 1 survivors (1024K)
 Metaspace       used 11366K, capacity 11615K, committed 11648K, reserved 1060864K
  class space    used 1097K, capacity 1151K, committed 1152K, reserved 1048576K
}
Event: 0.700 GC heap after
{Heap after GC invocations=3 (full 0):
 garbage-first heap   total 131072K, used 7630K [0x0000000081e00000, 0x0000000100000000)
  region size 1024K, 1 young (1024K), 1 survivors (1024K)
 Metaspace       used 11366K, capacity 11615K, committed 11648K, reserved 1060864K
  class space    used 1097K, capacity 1151K, committed 1152K, reserved 1048576K
}
Event: 1.234 GC heap before
{Heap before GC invocations=3 (full 0):
 garbage-first heap   total 131072K, used 47566K [0x0000000081e00000, 0x0000000100000000)
  region size 1024K, 41 young (41984K), 1 survivors (1024K)
 Metaspace       used 17244K, capacity 17730K, committed 17920K, reserved 1064960K
  class space    used 1872K, capacity 2036K, committed 2048K, reserved 1048576K
}
Event: 1.238 GC heap after
{Heap after GC invocations=4 (full 0):
 garbage-first heap   total 131072K, used 9090K [0x0000000081e00000, 0x0000000100000000)
  region size 1024K, 3 young (3072K), 3 survivors (3072K)
 Metaspace       used 17244K, capacity 17730K, committed 17920K, reserved 1064960K
  class space    used 1872K, capacity 2036K, committed 2048K, reserved 1048576K
}
Event: 1.488 GC heap before
{Heap before GC invocations=4 (full 0):
 garbage-first heap   total 131072K, used 27522K [0x0000000081e00000, 0x0000000100000000)
  region size 1024K, 22 young (22528K), 3 survivors (3072K)
 Metaspace       used 20663K, capacity 21193K, committed 21248K, reserved 1069056K
  class space    used 2328K, capacity 2526K, committed 2560K, reserved 1048576K
}
Event: 1.491 GC heap after
{Heap after GC invocations=5 (full 0):
 garbage-first heap   total 131072K, used 9807K [0x0000000081e00000, 0x0000000100000000)
  region size 1024K, 3 young (3072K), 3 survivors (3072K)
 Metaspace       used 20663K, capacity 21193K, committed 21248K, reserved 1069056K
  class space    used 2328K, capacity 2526K, committed 2560K, reserved 1048576K
}
Event: 1.887 GC heap before
{Heap before GC invocations=6 (full 0):
 garbage-first heap   total 131072K, used 83535K [0x0000000081e00000, 0x0000000100000000)
  region size 1024K, 76 young (77824K), 3 survivors (3072K)
 Metaspace       used 26447K, capacity 27118K, committed 27264K, reserved 1073152K
  class space    used 3059K, capacity 3329K, committed 3456K, reserved 1048576K
}
Event: 1.893 GC heap after
{Heap after GC invocations=7 (full 0):
 garbage-first heap   total 157696K, used 11500K [0x0000000081e00000, 0x0000000100000000)
  region size 1024K, 5 young (5120K), 5 survivors (5120K)
 Metaspace       used 26447K, capacity 27118K, committed 27264K, reserved 1073152K
  class space    used 3059K, capacity 3329K, committed 3456K, reserved 1048576K
}
Event: 2.890 GC heap before
{Heap before GC invocations=7 (full 0):
 garbage-first heap   total 157696K, used 99564K [0x0000000081e00000, 0x0000000100000000)
  region size 1024K, 92 young (94208K), 5 survivors (5120K)
 Metaspace       used 31877K, capacity 32713K, committed 32768K, reserved 1077248K
  class space    used 3725K, capacity 4059K, committed 4096K, reserved 1048576K
}
Event: 2.896 GC heap after
{Heap after GC invocations=8 (full 0):
 garbage-first heap   total 157696K, used 14656K [0x0000000081e00000, 0x0000000100000000)
  region size 1024K, 8 young (8192K), 8 survivors (8192K)
 Metaspace       used 31877K, capacity 32713K, committed 32768K, reserved 1077248K
  class space    used 3725K, capacity 4059K, committed 4096K, reserved 1048576K
}
Event: 3.407 GC heap before
{Heap before GC invocations=8 (full 0):
 garbage-first heap   total 157696K, used 43328K [0x0000000081e00000, 0x0000000100000000)
  region size 1024K, 37 young (37888K), 8 survivors (8192K)
 Metaspace       used 34820K, capacity 35675K, committed 35840K, reserved 1081344K
  class space    used 4128K, capacity 4486K, committed 4608K, reserved 1048576K
}
Event: 3.419 GC heap after
{Heap after GC invocations=9 (full 0):
 garbage-first heap   total 157696K, used 15711K [0x0000000081e00000, 0x0000000100000000)
  region size 1024K, 7 young (7168K), 7 survivors (7168K)
 Metaspace       used 34820K, capacity 35675K, committed 35840K, reserved 1081344K
  class space    used 4128K, capacity 4486K, committed 4608K, reserved 1048576K
}
Event: 5.451 GC heap before
{Heap before GC invocations=10 (full 0):
 garbage-first heap   total 157696K, used 101727K [0x0000000081e00000, 0x0000000100000000)
  region size 1024K, 92 young (94208K), 7 survivors (7168K)
 Metaspace       used 40340K, capacity 41504K, committed 41728K, reserved 1085440K
  class space    used 4849K, capacity 5309K, committed 5376K, reserved 1048576K
}
Event: 5.459 GC heap after
{Heap after GC invocations=11 (full 0):
 garbage-first heap   total 157696K, used 18446K [0x0000000081e00000, 0x0000000100000000)
  region size 1024K, 10 young (10240K), 10 survivors (10240K)
 Metaspace       used 40340K, capacity 41504K, committed 41728K, reserved 1085440K
  class space    used 4849K, capacity 5309K, committed 5376K, reserved 1048576K
}
Event: 7.114 GC heap before
{Heap before GC invocations=11 (full 0):
 garbage-first heap   total 157696K, used 101390K [0x0000000081e00000, 0x0000000100000000)
  region size 1024K, 92 young (94208K), 10 survivors (10240K)
 Metaspace       used 48289K, capacity 49662K, committed 49792K, reserved 1093632K
  class space    used 5869K, capacity 6408K, committed 6528K, reserved 1048576K
}
Event: 7.125 GC heap after
{Heap after GC invocations=12 (full 0):
 garbage-first heap   total 189440K, used 20728K [0x0000000081e00000, 0x0000000100000000)
  region size 1024K, 7 young (7168K), 7 survivors (7168K)
 Metaspace       used 48289K, capacity 49662K, committed 49792K, reserved 1093632K
  class space    used 5869K, capacity 6408K, committed 6528K, reserved 1048576K
}
Event: 8.460 GC heap before
{Heap before GC invocations=12 (full 0):
 garbage-first heap   total 189440K, used 83192K [0x0000000081e00000, 0x0000000100000000)
  region size 1024K, 69 young (70656K), 7 survivors (7168K)
 Metaspace       used 58710K, capacity 60036K, committed 60160K, reserved 1101824K
  class space    used 7505K, capacity 8071K, committed 8192K, reserved 1048576K
}
Event: 8.471 GC heap after
{Heap after GC invocations=13 (full 0):
 garbage-first heap   total 189440K, used 22776K [0x0000000081e00000, 0x0000000100000000)
  region size 1024K, 9 young (9216K), 9 survivors (9216K)
 Metaspace       used 58710K, capacity 60036K, committed 60160K, reserved 1101824K
  class space    used 7505K, capacity 8071K, committed 8192K, reserved 1048576K
}

